  Card.cpp
D:\prjts\c++\HEARTHOFWAR\.vs\SCP\SCP\Card.cpp(70,25): warning C4244: аргумент: преобразование "int" в "T", возможна потеря данных
          with
          [
              T=float
          ]
D:\prjts\c++\HEARTHOFWAR\.vs\SCP\SCP\Card.cpp(73,28): warning C4244: аргумент: преобразование "int" в "T", возможна потеря данных
          with
          [
              T=float
          ]
D:\prjts\c++\HEARTHOFWAR\.vs\SCP\SCP\Card.cpp(108,95): warning C4244: аргумент: преобразование "T" в "T", возможна потеря данных
          with
          [
              T=int
          ]
          and
          [
              T=float
          ]
D:\prjts\c++\HEARTHOFWAR\.vs\SCP\SCP\Card.cpp(108,67): warning C4244: аргумент: преобразование "T" в "T", возможна потеря данных
          with
          [
              T=int
          ]
          and
          [
              T=float
          ]
  CDB.cpp
D:\prjts\c++\HEARTHOFWAR\.vs\SCP\SCP\CDB.cpp(14,9): warning C4018: >=: несоответствие типов со знаком и без знака
  Creature.cpp
  Deck.cpp
  Event.cpp
  Field.cpp
  main.cpp
D:\prjts\c++\HEARTHOFWAR\.vs\SCP\SCP\main.cpp(21,12): warning C4244: аргумент: преобразование "time_t" в "unsigned int", возможна потеря данных
  Player.cpp
  Создание кода...
  SCP.vcxproj -> D:\prjts\c++\HEARTHOFWAR\.vs\SCP\Debug\SCP.exe
