d:\prjts\c++\hearthofwar\scp\scp\debug\vc142.pdb
d:\prjts\c++\hearthofwar\scp\scp\debug\vc142.idb
d:\prjts\c++\hearthofwar\scp\scp\debug\player.obj
d:\prjts\c++\hearthofwar\scp\scp\debug\main.obj
d:\prjts\c++\hearthofwar\scp\scp\debug\gettarget.obj
d:\prjts\c++\hearthofwar\scp\scp\debug\field.obj
d:\prjts\c++\hearthofwar\scp\scp\debug\event.obj
d:\prjts\c++\hearthofwar\scp\scp\debug\deck.obj
d:\prjts\c++\hearthofwar\scp\scp\debug\creature.obj
d:\prjts\c++\hearthofwar\scp\scp\debug\clickable.obj
d:\prjts\c++\hearthofwar\scp\scp\debug\cdb.obj
d:\prjts\c++\hearthofwar\scp\scp\debug\card.obj
d:\prjts\c++\hearthofwar\scp\scp\debug\animation.obj
d:\prjts\c++\hearthofwar\scp\debug\scp.ilk
d:\prjts\c++\hearthofwar\scp\debug\scp.exe
d:\prjts\c++\hearthofwar\scp\debug\scp.pdb
d:\prjts\c++\hearthofwar\scp\scp\debug\scp.tlog\cl.command.1.tlog
d:\prjts\c++\hearthofwar\scp\scp\debug\scp.tlog\cl.read.1.tlog
d:\prjts\c++\hearthofwar\scp\scp\debug\scp.tlog\cl.write.1.tlog
d:\prjts\c++\hearthofwar\scp\scp\debug\scp.tlog\link.command.1.tlog
d:\prjts\c++\hearthofwar\scp\scp\debug\scp.tlog\link.read.1.tlog
d:\prjts\c++\hearthofwar\scp\scp\debug\scp.tlog\link.write.1.tlog
