  Animation.cpp
  Button.cpp
D:\prjts\c++\HEARTHOFWAR\SCP\SCP\Button.cpp(22,95): warning C4244: аргумент: преобразование "T" в "T", возможна потеря данных
          with
          [
              T=int
          ]
          and
          [
              T=float
          ]
D:\prjts\c++\HEARTHOFWAR\SCP\SCP\Button.cpp(22,67): warning C4244: аргумент: преобразование "T" в "T", возможна потеря данных
          with
          [
              T=int
          ]
          and
          [
              T=float
          ]
  Card.cpp
D:\prjts\c++\HEARTHOFWAR\SCP\SCP\Card.cpp(130,29): warning C4244: аргумент: преобразование "int" в "T", возможна потеря данных
          with
          [
              T=float
          ]
D:\prjts\c++\HEARTHOFWAR\SCP\SCP\Card.cpp(132,29): warning C4244: аргумент: преобразование "int" в "T", возможна потеря данных
          with
          [
              T=float
          ]
  CDB.cpp
D:\prjts\c++\HEARTHOFWAR\SCP\SCP\CDB.cpp(15,9): warning C4018: >=: несоответствие типов со знаком и без знака
  Clickable.cpp
D:\prjts\c++\HEARTHOFWAR\SCP\SCP\Clickable.cpp(21,95): warning C4244: аргумент: преобразование "T" в "T", возможна потеря данных
          with
          [
              T=int
          ]
          and
          [
              T=float
          ]
D:\prjts\c++\HEARTHOFWAR\SCP\SCP\Clickable.cpp(21,67): warning C4244: аргумент: преобразование "T" в "T", возможна потеря данных
          with
          [
              T=int
          ]
          and
          [
              T=float
          ]
  Creature.cpp
D:\prjts\c++\HEARTHOFWAR\SCP\SCP\Creature.cpp(178,68): warning C4018: <: несоответствие типов со знаком и без знака
  Deck.cpp
  Event.cpp
  Field.cpp
D:\prjts\c++\HEARTHOFWAR\SCP\SCP\Field.cpp(195,73): warning C4244: аргумент: преобразование "int" в "T", возможна потеря данных
          with
          [
              T=float
          ]
D:\prjts\c++\HEARTHOFWAR\SCP\SCP\Field.cpp(195,61): warning C4244: аргумент: преобразование "int" в "T", возможна потеря данных
          with
          [
              T=float
          ]
D:\prjts\c++\HEARTHOFWAR\SCP\SCP\Field.cpp(273,95): warning C4244: аргумент: преобразование "T" в "T", возможна потеря данных
          with
          [
              T=int
          ]
          and
          [
              T=float
          ]
D:\prjts\c++\HEARTHOFWAR\SCP\SCP\Field.cpp(273,67): warning C4244: аргумент: преобразование "T" в "T", возможна потеря данных
          with
          [
              T=int
          ]
          and
          [
              T=float
          ]
  main.cpp
D:\prjts\c++\HEARTHOFWAR\SCP\SCP\main.cpp(72,12): warning C4244: аргумент: преобразование "time_t" в "unsigned int", возможна потеря данных
D:\prjts\c++\HEARTHOFWAR\SCP\SCP\main.cpp(90,40): warning C4244: =: преобразование "sf::Int32" в "float", возможна потеря данных
D:\prjts\c++\HEARTHOFWAR\SCP\SCP\main.cpp(87,10): warning C4101: winStatus: неиспользованная локальная переменная
  Person.cpp
  Player.cpp
D:\prjts\c++\HEARTHOFWAR\SCP\SCP\Player.cpp(51,21): warning C4018: <: несоответствие типов со знаком и без знака
  Screen.cpp
  Создание кода...
D:\prjts\c++\HEARTHOFWAR\SCP\SCP\Field.cpp(128): warning C4715: Field::useCheck: значение возвращается не при всех путях выполнения
  SCP.vcxproj -> D:\prjts\c++\HEARTHOFWAR\SCP\Debug\SCP.exe
