  includer.cpp
D:\prjts\c++\HEARTHOFWAR\Hearthstone\Hearthstone\Card.h(141,98): warning C4244: аргумент: преобразование "T" в "T", возможна потеря данных
          with
          [
              T=int
          ]
          and
          [
              T=float
          ]
D:\prjts\c++\HEARTHOFWAR\Hearthstone\Hearthstone\Card.h(141,70): warning C4244: аргумент: преобразование "T" в "T", возможна потеря данных
          with
          [
              T=int
          ]
          and
          [
              T=float
          ]
D:\prjts\c++\HEARTHOFWAR\Hearthstone\Hearthstone\CDB.h(19,10): warning C4018: >=: несоответствие типов со знаком и без знака
D:\prjts\c++\HEARTHOFWAR\Hearthstone\Hearthstone\Field.h(60,41): warning C4244: аргумент: преобразование "int" в "T", возможна потеря данных
          with
          [
              T=float
          ]
  main.cpp
D:\prjts\c++\HEARTHOFWAR\Hearthstone\Hearthstone\Card.h(141,98): warning C4244: аргумент: преобразование "T" в "T", возможна потеря данных
          with
          [
              T=int
          ]
          and
          [
              T=float
          ]
D:\prjts\c++\HEARTHOFWAR\Hearthstone\Hearthstone\Card.h(141,70): warning C4244: аргумент: преобразование "T" в "T", возможна потеря данных
          with
          [
              T=int
          ]
          and
          [
              T=float
          ]
D:\prjts\c++\HEARTHOFWAR\Hearthstone\Hearthstone\CDB.h(19,10): warning C4018: >=: несоответствие типов со знаком и без знака
D:\prjts\c++\HEARTHOFWAR\Hearthstone\Hearthstone\Field.h(60,41): warning C4244: аргумент: преобразование "int" в "T", возможна потеря данных
          with
          [
              T=float
          ]
D:\prjts\c++\HEARTHOFWAR\Hearthstone\Hearthstone\main.cpp(5,12): warning C4244: аргумент: преобразование "time_t" в "unsigned int", возможна потеря данных
  Создание кода
  Previous IPDB not found, fall back to full compilation.
  All 335 functions were compiled because no usable IPDB/IOBJ from previous compilation was found.
  Создание кода завершено
  Hearthstone.vcxproj -> D:\prjts\c++\HEARTHOFWAR\Hearthstone\Release\Hearthstone.exe
