  main.cpp
D:\prjts\c++\HEARTHOFWAR\Hearthstone\Hearthstone\main.cpp(21,12): warning C4244: аргумент: преобразование "time_t" в "unsigned int", возможна потеря данных
  Card.cpp
D:\prjts\c++\HEARTHOFWAR\Hearthstone\Hearthstone\Card.cpp(70,25): warning C4244: аргумент: преобразование "int" в "T", возможна потеря данных
          with
          [
              T=float
          ]
D:\prjts\c++\HEARTHOFWAR\Hearthstone\Hearthstone\Card.cpp(73,28): warning C4244: аргумент: преобразование "int" в "T", возможна потеря данных
          with
          [
              T=float
          ]
D:\prjts\c++\HEARTHOFWAR\Hearthstone\Hearthstone\Card.cpp(108,95): warning C4244: аргумент: преобразование "T" в "T", возможна потеря данных
          with
          [
              T=int
          ]
          and
          [
              T=float
          ]
D:\prjts\c++\HEARTHOFWAR\Hearthstone\Hearthstone\Card.cpp(108,67): warning C4244: аргумент: преобразование "T" в "T", возможна потеря данных
          with
          [
              T=int
          ]
          and
          [
              T=float
          ]
  CDB.cpp
D:\prjts\c++\HEARTHOFWAR\Hearthstone\Hearthstone\CDB.cpp(14,9): warning C4018: >=: несоответствие типов со знаком и без знака
  Field.cpp
  Player.cpp
  Creature.cpp
  Deck.cpp
  Event.cpp
  Создание кода...
  Hearthstone.vcxproj -> D:\prjts\c++\HEARTHOFWAR\Hearthstone\Debug\Hearthstone.exe
